mode: set
github.com/ggvylf/learngo/gocore36/25/q3/demo03.go:9.31,10.14 1 1
github.com/ggvylf/learngo/gocore36/25/q3/demo03.go:13.2,16.35 4 1
github.com/ggvylf/learngo/gocore36/25/q3/demo03.go:26.2,27.27 2 1
github.com/ggvylf/learngo/gocore36/25/q3/demo03.go:32.2,32.15 1 1
github.com/ggvylf/learngo/gocore36/25/q3/demo03.go:10.14,12.3 1 0
github.com/ggvylf/learngo/gocore36/25/q3/demo03.go:16.35,17.24 1 1
github.com/ggvylf/learngo/gocore36/25/q3/demo03.go:17.24,18.36 1 1
github.com/ggvylf/learngo/gocore36/25/q3/demo03.go:18.36,19.26 1 1
github.com/ggvylf/learngo/gocore36/25/q3/demo03.go:19.26,22.6 2 1
github.com/ggvylf/learngo/gocore36/25/q3/demo03.go:27.27,28.24 1 1
github.com/ggvylf/learngo/gocore36/25/q3/demo03.go:28.24,30.4 1 1
